<?xml version="1.0" encoding="UTF-8"?>
<Site BuildName="(empty)"
	BuildStamp="20250104-1547-Experimental"
	Name="de4lerr-Dell-G15"
	Generator="ctest-3.28.1"
	CompilerName="/usr/bin/g++"
	CompilerVersion="13.3.0"
	OSName="Linux"
	Hostname="de4lerr-Dell-G15"
	OSRelease="6.8.0-51-generic"
	OSVersion="#52-Ubuntu SMP PREEMPT_DYNAMIC Thu Dec  5 13:09:44 UTC 2024"
	OSPlatform="x86_64"
	Is64Bits="1"
	VendorString="AuthenticAMD"
	VendorID="Advanced Micro Devices"
	FamilyID="25"
	ModelID="80"
	ProcessorCacheSize="512"
	NumberOfLogicalCPU="16"
	NumberOfPhysicalCPU="8"
	TotalVirtualMemory="4095"
	TotalPhysicalMemory="15837"
	LogicalProcessorsPerPhysical="2"
	ProcessorClockFrequency="3467.89"
	>
	<Testing>
		<StartDateTime>Jan 04 12:47 -03</StartDateTime>
		<StartTestTime>1736005631</StartTestTime>
		<TestList/>
		<EndDateTime>Jan 04 12:47 -03</EndDateTime>
		<EndTestTime>1736005631</EndTestTime>
		<ElapsedMinutes>0</ElapsedMinutes>
	</Testing>
</Site>
